<?xml version="1.0" encoding="UTF-8" ?>
<testsuite tests="56" failures="0" name="org.tektutor.TestRunner" time="0.32" errors="0" skipped="0">
  <properties>
    <property name="java.runtime.name" value="OpenJDK Runtime Environment"/>
    <property name="sun.boot.library.path" value="/usr/lib/jvm/java-1.8.0-openjdk-1.8.0.191.b12-1.el7_6.x86_64/jre/lib/amd64"/>
    <property name="java.vm.version" value="25.191-b12"/>
    <property name="java.vm.vendor" value="Oracle Corporation"/>
    <property name="java.vendor.url" value="http://java.oracle.com/"/>
    <property name="path.separator" value=":"/>
    <property name="guice.disable.misplaced.annotation.check" value="true"/>
    <property name="java.vm.name" value="OpenJDK 64-Bit Server VM"/>
    <property name="file.encoding.pkg" value="sun.io"/>
    <property name="user.country" value="US"/>
    <property name="sun.java.launcher" value="SUN_STANDARD"/>
    <property name="sun.os.patch.level" value="unknown"/>
    <property name="java.vm.specification.name" value="Java Virtual Machine Specification"/>
    <property name="user.dir" value="/root/BDDTraining/Day1/RPNCalculator"/>
    <property name="java.runtime.version" value="1.8.0_191-b12"/>
    <property name="java.awt.graphicsenv" value="sun.awt.X11GraphicsEnvironment"/>
    <property name="java.endorsed.dirs" value="/usr/lib/jvm/java-1.8.0-openjdk-1.8.0.191.b12-1.el7_6.x86_64/jre/lib/endorsed"/>
    <property name="os.arch" value="amd64"/>
    <property name="java.io.tmpdir" value="/tmp"/>
    <property name="line.separator" value="
"/>
    <property name="java.vm.specification.vendor" value="Oracle Corporation"/>
    <property name="os.name" value="Linux"/>
    <property name="classworlds.conf" value="/usr/share/maven/bin/m2.conf"/>
    <property name="sun.jnu.encoding" value="UTF-8"/>
    <property name="java.library.path" value="/usr/java/packages/lib/amd64:/usr/lib64:/lib64:/lib:/usr/lib"/>
    <property name="java.specification.name" value="Java Platform API Specification"/>
    <property name="java.class.version" value="52.0"/>
    <property name="sun.management.compiler" value="HotSpot 64-Bit Tiered Compilers"/>
    <property name="os.version" value="3.10.0-862.el7.x86_64"/>
    <property name="user.home" value="/root"/>
    <property name="user.timezone" value="Asia/Kolkata"/>
    <property name="java.awt.printerjob" value="sun.print.PSPrinterJob"/>
    <property name="file.encoding" value="UTF-8"/>
    <property name="java.specification.version" value="1.8"/>
    <property name="user.name" value="root"/>
    <property name="java.class.path" value="/usr/share/maven/boot/plexus-classworlds.jar"/>
    <property name="java.vm.specification.version" value="1.8"/>
    <property name="sun.arch.data.model" value="64"/>
    <property name="java.home" value="/usr/lib/jvm/java-1.8.0-openjdk-1.8.0.191.b12-1.el7_6.x86_64/jre"/>
    <property name="sun.java.command" value="org.codehaus.plexus.classworlds.launcher.Launcher test"/>
    <property name="java.specification.vendor" value="Oracle Corporation"/>
    <property name="user.language" value="en"/>
    <property name="awt.toolkit" value="sun.awt.X11.XToolkit"/>
    <property name="java.vm.info" value="mixed mode"/>
    <property name="java.version" value="1.8.0_191"/>
    <property name="java.ext.dirs" value="/usr/lib/jvm/java-1.8.0-openjdk-1.8.0.191.b12-1.el7_6.x86_64/jre/lib/ext:/usr/java/packages/lib/ext"/>
    <property name="sun.boot.class.path" value="/usr/lib/jvm/java-1.8.0-openjdk-1.8.0.191.b12-1.el7_6.x86_64/jre/lib/resources.jar:/usr/lib/jvm/java-1.8.0-openjdk-1.8.0.191.b12-1.el7_6.x86_64/jre/lib/rt.jar:/usr/lib/jvm/java-1.8.0-openjdk-1.8.0.191.b12-1.el7_6.x86_64/jre/lib/sunrsasign.jar:/usr/lib/jvm/java-1.8.0-openjdk-1.8.0.191.b12-1.el7_6.x86_64/jre/lib/jsse.jar:/usr/lib/jvm/java-1.8.0-openjdk-1.8.0.191.b12-1.el7_6.x86_64/jre/lib/jce.jar:/usr/lib/jvm/java-1.8.0-openjdk-1.8.0.191.b12-1.el7_6.x86_64/jre/lib/charsets.jar:/usr/lib/jvm/java-1.8.0-openjdk-1.8.0.191.b12-1.el7_6.x86_64/jre/lib/jfr.jar:/usr/lib/jvm/java-1.8.0-openjdk-1.8.0.191.b12-1.el7_6.x86_64/jre/classes"/>
    <property name="java.vendor" value="Oracle Corporation"/>
    <property name="maven.home" value="/usr/share/maven"/>
    <property name="file.separator" value="/"/>
    <property name="java.vendor.url.bug" value="http://bugreport.sun.com/bugreport/"/>
    <property name="sun.cpu.endian" value="little"/>
    <property name="sun.io.unicode.encoding" value="UnicodeLittle"/>
    <property name="sun.desktop" value="gnome"/>
    <property name="sun.cpu.isalist" value=""/>
  </properties>
  <testcase classname="Scenario: Should be able to evaluate simple addition" name="Given the input is \&quot;10 15 +\&quot;" time="0"/>
  <testcase classname="Scenario: Should be able to evaluate simple addition" name="When I invoke evaluate method" time="0"/>
  <testcase classname="Scenario: Should be able to evaluate simple addition" name="Then I expect \&quot;25.0\&quot; as the result" time="0"/>
  <testcase classname="Scenario: Should be able to evaluate simple addition" name="Scenario: Should be able to evaluate simple addition" time="0"/>
  <testcase classname="| \&quot;10 15 +\&quot; | \&quot;25.0\&quot; |" name="Given the input is \&quot;10 15 +\&quot;" time="0"/>
  <testcase classname="| \&quot;10 15 +\&quot; | \&quot;25.0\&quot; |" name="When I invoke evaluate method" time="0"/>
  <testcase classname="| \&quot;10 15 +\&quot; | \&quot;25.0\&quot; |" name="Then I expect \&quot;25.0\&quot; as the result" time="0"/>
  <testcase classname="| \&quot;10 15 +\&quot; | \&quot;25.0\&quot; |" name="| \&quot;10 15 +\&quot; | \&quot;25.0\&quot; |" time="0"/>
  <testcase classname="| \&quot;100 150 +\&quot; | \&quot;250.0\&quot; |" name="Given the input is \&quot;100 150 +\&quot;" time="0.001"/>
  <testcase classname="| \&quot;100 150 +\&quot; | \&quot;250.0\&quot; |" name="When I invoke evaluate method" time="0"/>
  <testcase classname="| \&quot;100 150 +\&quot; | \&quot;250.0\&quot; |" name="Then I expect \&quot;250.0\&quot; as the result" time="0"/>
  <testcase classname="| \&quot;100 150 +\&quot; | \&quot;250.0\&quot; |" name="| \&quot;100 150 +\&quot; | \&quot;250.0\&quot; |" time="0"/>
  <testcase classname="| \&quot;200 15 +\&quot; | \&quot;215.0\&quot; |" name="Given the input is \&quot;200 15 +\&quot;" time="0"/>
  <testcase classname="| \&quot;200 15 +\&quot; | \&quot;215.0\&quot; |" name="When I invoke evaluate method" time="0"/>
  <testcase classname="| \&quot;200 15 +\&quot; | \&quot;215.0\&quot; |" name="Then I expect \&quot;215.0\&quot; as the result" time="0"/>
  <testcase classname="| \&quot;200 15 +\&quot; | \&quot;215.0\&quot; |" name="| \&quot;200 15 +\&quot; | \&quot;215.0\&quot; |" time="0"/>
  <testcase classname="| \&quot;25 15 -\&quot; | \&quot;10.0\&quot; |" name="Given the input is \&quot;25 15 -\&quot;" time="0.001"/>
  <testcase classname="| \&quot;25 15 -\&quot; | \&quot;10.0\&quot; |" name="When I invoke evaluate method" time="0"/>
  <testcase classname="| \&quot;25 15 -\&quot; | \&quot;10.0\&quot; |" name="Then I expect \&quot;10.0\&quot; as the result" time="0"/>
  <testcase classname="| \&quot;25 15 -\&quot; | \&quot;10.0\&quot; |" name="| \&quot;25 15 -\&quot; | \&quot;10.0\&quot; |" time="0"/>
  <testcase classname="| \&quot;150 100 -\&quot; | \&quot;50.0\&quot; |" name="Given the input is \&quot;150 100 -\&quot;" time="0"/>
  <testcase classname="| \&quot;150 100 -\&quot; | \&quot;50.0\&quot; |" name="When I invoke evaluate method" time="0.001"/>
  <testcase classname="| \&quot;150 100 -\&quot; | \&quot;50.0\&quot; |" name="Then I expect \&quot;50.0\&quot; as the result" time="0"/>
  <testcase classname="| \&quot;150 100 -\&quot; | \&quot;50.0\&quot; |" name="| \&quot;150 100 -\&quot; | \&quot;50.0\&quot; |" time="0"/>
  <testcase classname="| \&quot;200 15 -\&quot; | \&quot;185.0\&quot; |" name="Given the input is \&quot;200 15 -\&quot;" time="0"/>
  <testcase classname="| \&quot;200 15 -\&quot; | \&quot;185.0\&quot; |" name="When I invoke evaluate method" time="0"/>
  <testcase classname="| \&quot;200 15 -\&quot; | \&quot;185.0\&quot; |" name="Then I expect \&quot;185.0\&quot; as the result" time="0"/>
  <testcase classname="| \&quot;200 15 -\&quot; | \&quot;185.0\&quot; |" name="| \&quot;200 15 -\&quot; | \&quot;185.0\&quot; |" time="0"/>
  <testcase classname="| \&quot;25 10 *\&quot; | \&quot;250.0\&quot; |" name="Given the input is \&quot;25 10 *\&quot;" time="0"/>
  <testcase classname="| \&quot;25 10 *\&quot; | \&quot;250.0\&quot; |" name="When I invoke evaluate method" time="0"/>
  <testcase classname="| \&quot;25 10 *\&quot; | \&quot;250.0\&quot; |" name="Then I expect \&quot;250.0\&quot; as the result" time="0"/>
  <testcase classname="| \&quot;25 10 *\&quot; | \&quot;250.0\&quot; |" name="| \&quot;25 10 *\&quot; | \&quot;250.0\&quot; |" time="0"/>
  <testcase classname="| \&quot;150 100 *\&quot; | \&quot;15000.0\&quot; |" name="Given the input is \&quot;150 100 *\&quot;" time="0"/>
  <testcase classname="| \&quot;150 100 *\&quot; | \&quot;15000.0\&quot; |" name="When I invoke evaluate method" time="0"/>
  <testcase classname="| \&quot;150 100 *\&quot; | \&quot;15000.0\&quot; |" name="Then I expect \&quot;15000.0\&quot; as the result" time="0"/>
  <testcase classname="| \&quot;150 100 *\&quot; | \&quot;15000.0\&quot; |" name="| \&quot;150 100 *\&quot; | \&quot;15000.0\&quot; |" time="0"/>
  <testcase classname="| \&quot;200 10 *\&quot; | \&quot;2000.0\&quot; |" name="Given the input is \&quot;200 10 *\&quot;" time="0"/>
  <testcase classname="| \&quot;200 10 *\&quot; | \&quot;2000.0\&quot; |" name="When I invoke evaluate method" time="0"/>
  <testcase classname="| \&quot;200 10 *\&quot; | \&quot;2000.0\&quot; |" name="Then I expect \&quot;2000.0\&quot; as the result" time="0"/>
  <testcase classname="| \&quot;200 10 *\&quot; | \&quot;2000.0\&quot; |" name="| \&quot;200 10 *\&quot; | \&quot;2000.0\&quot; |" time="0"/>
  <testcase classname="| \&quot;25 5 \/\&quot; | \&quot;5.0\&quot; |" name="Given the input is \&quot;25 5 \/\&quot;" time="0.001"/>
  <testcase classname="| \&quot;25 5 \/\&quot; | \&quot;5.0\&quot; |" name="When I invoke evaluate method" time="0"/>
  <testcase classname="| \&quot;25 5 \/\&quot; | \&quot;5.0\&quot; |" name="Then I expect \&quot;5.0\&quot; as the result" time="0"/>
  <testcase classname="| \&quot;25 5 \/\&quot; | \&quot;5.0\&quot; |" name="| \&quot;25 5 \/\&quot; | \&quot;5.0\&quot; |" time="0"/>
  <testcase classname="| \&quot;100 100 \/\&quot; | \&quot;1.0\&quot; |" name="Given the input is \&quot;100 100 \/\&quot;" time="0"/>
  <testcase classname="| \&quot;100 100 \/\&quot; | \&quot;1.0\&quot; |" name="When I invoke evaluate method" time="0"/>
  <testcase classname="| \&quot;100 100 \/\&quot; | \&quot;1.0\&quot; |" name="Then I expect \&quot;1.0\&quot; as the result" time="0"/>
  <testcase classname="| \&quot;100 100 \/\&quot; | \&quot;1.0\&quot; |" name="| \&quot;100 100 \/\&quot; | \&quot;1.0\&quot; |" time="0"/>
  <testcase classname="| \&quot;200 10 \/\&quot; | \&quot;20.0\&quot; |" name="Given the input is \&quot;200 10 \/\&quot;" time="0"/>
  <testcase classname="| \&quot;200 10 \/\&quot; | \&quot;20.0\&quot; |" name="When I invoke evaluate method" time="0"/>
  <testcase classname="| \&quot;200 10 \/\&quot; | \&quot;20.0\&quot; |" name="Then I expect \&quot;20.0\&quot; as the result" time="0"/>
  <testcase classname="| \&quot;200 10 \/\&quot; | \&quot;20.0\&quot; |" name="| \&quot;200 10 \/\&quot; | \&quot;20.0\&quot; |" time="0"/>
  <testcase classname="Scenario: Should be able to evaluate complex rpn expression" name="Given the input is \&quot;15 7 1 1 + - \/ 3 * 2 1 1 + + -\&quot;" time="0"/>
  <testcase classname="Scenario: Should be able to evaluate complex rpn expression" name="When I invoke evaluate method" time="0"/>
  <testcase classname="Scenario: Should be able to evaluate complex rpn expression" name="Then I expect \&quot;5.0\&quot; as the result" time="0"/>
  <testcase classname="Scenario: Should be able to evaluate complex rpn expression" name="Scenario: Should be able to evaluate complex rpn expression" time="0.001"/>
</testsuite>